[debug] [2024-12-06T04:27:41.312Z] ----------------------------------------------------------------------
[debug] [2024-12-06T04:27:41.314Z] Command:       C:\Program Files\nodejs\node.exe C:\Users\prithivi\AppData\Roaming\npm\node_modules\firebase-tools\lib\bin\firebase.js init
[debug] [2024-12-06T04:27:41.314Z] CLI Version:   13.28.0
[debug] [2024-12-06T04:27:41.314Z] Platform:      win32
[debug] [2024-12-06T04:27:41.314Z] Node Version:  v20.10.0
[debug] [2024-12-06T04:27:41.314Z] Time:          Fri Dec 06 2024 09:57:41 GMT+0530 (India Standard Time)
[debug] [2024-12-06T04:27:41.315Z] ----------------------------------------------------------------------
[debug] 
[debug] [2024-12-06T04:27:41.380Z] > command requires scopes: ["email","openid","https://www.googleapis.com/auth/cloudplatformprojects.readonly","https://www.googleapis.com/auth/firebase","https://www.googleapis.com/auth/cloud-platform"]
[debug] [2024-12-06T04:27:41.380Z] > authorizing via signed-in user (prithiviraaj12102004@gmail.com)
[info] 
     ######## #### ########  ######## ########     ###     ######  ########
     ##        ##  ##     ## ##       ##     ##  ##   ##  ##       ##
     ######    ##  ########  ######   ########  #########  ######  ######
     ##        ##  ##    ##  ##       ##     ## ##     ##       ## ##
     ##       #### ##     ## ######## ########  ##     ##  ######  ########

You're about to initialize a Firebase project in this directory:

  C:\Users\prithivi\Desktop\TO_DO_LIST

Before we get started, keep in mind:

  * You are initializing within an existing Firebase project directory

[info] 
=== Project Setup
[info] 
[info] First, let's associate this project directory with a Firebase project.
[info] You can create multiple project aliases by running firebase use --add, 
[info] but for now we'll just set up a default project.
[info] 
[debug] [2024-12-06T04:27:47.913Z] Using project from CLI flag: to-do-list-c1210
[debug] [2024-12-06T04:27:47.914Z] Checked if tokens are valid: true, expires at: 1733462848470
[debug] [2024-12-06T04:27:47.914Z] Checked if tokens are valid: true, expires at: 1733462848470
[debug] [2024-12-06T04:27:47.915Z] >>> [apiv2][query] GET https://firebase.googleapis.com/v1beta1/projects/to-do-list-c1210 [none]
[debug] [2024-12-06T04:27:48.528Z] <<< [apiv2][status] GET https://firebase.googleapis.com/v1beta1/projects/to-do-list-c1210 200
[debug] [2024-12-06T04:27:48.528Z] <<< [apiv2][body] GET https://firebase.googleapis.com/v1beta1/projects/to-do-list-c1210 {"projectId":"to-do-list-c1210","projectNumber":"886939867063","displayName":"TO-DO-LIST","name":"projects/to-do-list-c1210","resources":{"hostingSite":"to-do-list-c1210"},"state":"ACTIVE","etag":"1_68556fd5-6cc3-4a42-af4a-f18e75ab30d5"}
[info] i  Using project to-do-list-c1210 (TO-DO-LIST) 
[info] 
=== Hosting Setup
[debug] [2024-12-06T04:27:48.533Z] Checked if tokens are valid: true, expires at: 1733462848470
[debug] [2024-12-06T04:27:48.533Z] Checked if tokens are valid: true, expires at: 1733462848470
[debug] [2024-12-06T04:27:48.533Z] >>> [apiv2][query] GET https://firebase.googleapis.com/v1beta1/projects/to-do-list-c1210 [none]
[debug] [2024-12-06T04:27:48.867Z] <<< [apiv2][status] GET https://firebase.googleapis.com/v1beta1/projects/to-do-list-c1210 200
[debug] [2024-12-06T04:27:48.867Z] <<< [apiv2][body] GET https://firebase.googleapis.com/v1beta1/projects/to-do-list-c1210 {"projectId":"to-do-list-c1210","projectNumber":"886939867063","displayName":"TO-DO-LIST","name":"projects/to-do-list-c1210","resources":{"hostingSite":"to-do-list-c1210"},"state":"ACTIVE","etag":"1_68556fd5-6cc3-4a42-af4a-f18e75ab30d5"}
[info] 
[info] Your public directory is the folder (relative to your project directory) that
[info] will contain Hosting assets to be uploaded with firebase deploy. If you
[info] have a build process for your assets, use your build's output directory.
[info] 
[info] +  Wrote appfile/404.html 
[debug] [2024-12-06T04:29:54.309Z] >>> [apiv2][query] GET https://www.gstatic.com/firebasejs/releases.json [none]
[debug] [2024-12-06T04:29:54.438Z] <<< [apiv2][status] GET https://www.gstatic.com/firebasejs/releases.json 200
